<?xml version="1.0" encoding="UTF-8"?>
<!-- Generated by org.testng.reporters.JUnitReportReporter -->
<testsuite hostname="HM-Princek" failures="0" tests="1" name="stepdefs.ANZ" time="13.161" errors="0" timestamp="2021-07-19T20:56:18 IST" skipped="0">
  <testcase classname="stepdefs.ANZ" name="i_launch_the_ANZ_Home_loans_calculators_tools" time="13.161"/>
  <system-out/>
</testsuite> <!-- stepdefs.ANZ -->
